2020-07-08 20:11:26,397 [Worker-0] INFO  c.g.t.t.d.PublishedGradleVersions - Gradle version information cache is up-to-date. Trying to read.
2020-07-08 20:12:40,346 [Worker-7] INFO  o.e.m.c.i.l.LifecycleMappingFactory - Using org.eclipse.m2e.jdt.JarLifecycleMapping lifecycle mapping for MavenProject: com.mix:MixString:0.0.1-SNAPSHOT @ /Users/nikhilagrawal/Documents/Workspace/Repository/MixString/pom.xml.
2020-07-08 20:12:43,141 [Worker-7] INFO  o.e.m.j.i.AbstractJavaProjectConfigurator - Adding source folder /MixString/src/main/java
2020-07-08 20:12:43,142 [Worker-7] INFO  o.e.m.j.i.AbstractJavaProjectConfigurator - Adding resource folder /MixString/src/main/resources
2020-07-08 20:12:43,149 [Worker-7] INFO  o.e.m.j.i.AbstractJavaProjectConfigurator - Adding resource folder /MixString/src/main/resources
2020-07-08 20:12:43,171 [Worker-7] INFO  o.e.m.j.i.AbstractJavaProjectConfigurator - Adding source folder /MixString/src/test/java
2020-07-08 20:12:44,587 [Worker-7] INFO  o.e.m.c.i.p.ProjectConfigurationManager - Imported and configured 1 project(s) in 8 sec
2020-07-08 20:12:44,591 [Worker-7] INFO  o.e.m.c.i.p.ProjectConfigurationManager - Update started
2020-07-08 20:12:45,783 [Worker-7] INFO  o.e.m.c.i.l.LifecycleMappingFactory - Using org.eclipse.m2e.jdt.JarLifecycleMapping lifecycle mapping for MavenProject: com.mix:MixString:0.0.1-SNAPSHOT @ /Users/nikhilagrawal/Documents/Workspace/Repository/MixString/pom.xml.
2020-07-08 20:12:47,034 [Worker-7] INFO  o.e.m.j.i.AbstractJavaProjectConfigurator - Adding source folder /MixString/src/main/java
2020-07-08 20:12:47,035 [Worker-7] INFO  o.e.m.j.i.AbstractJavaProjectConfigurator - Adding resource folder /MixString/src/main/resources
2020-07-08 20:12:47,036 [Worker-7] INFO  o.e.m.j.i.AbstractJavaProjectConfigurator - Adding resource folder /MixString/src/main/resources
2020-07-08 20:12:47,039 [Worker-7] INFO  o.e.m.j.i.AbstractJavaProjectConfigurator - Adding source folder /MixString/src/test/java
2020-07-08 20:12:47,592 [Worker-7] INFO  o.e.m.c.i.p.ProjectConfigurationManager - Update completed: 3 sec
2020-07-08 20:12:50,849 [Worker-2] INFO  o.e.m.c.i.embedder.EclipseLogger - Using 'UTF-8' encoding to copy filtered resources.
2020-07-08 20:12:50,877 [Worker-2] INFO  o.e.m.c.i.embedder.EclipseLogger - Copying 1 resource
2020-07-08 20:12:50,936 [Worker-2] INFO  o.e.m.c.i.embedder.EclipseLogger - Copying 0 resource
2020-07-08 20:12:50,943 [Worker-2] INFO  o.e.m.c.i.embedder.EclipseLogger - Using 'UTF-8' encoding to copy filtered resources.
2020-07-08 20:12:50,943 [Worker-2] INFO  o.e.m.c.i.embedder.EclipseLogger - skip non existing resourceDirectory /Users/nikhilagrawal/Documents/Workspace/Repository/MixString/src/test/resources
2020-07-08 20:13:05,289 [Worker-17] INFO  o.e.m.c.i.embedder.EclipseLogger - Using 'UTF-8' encoding to copy filtered resources.
2020-07-08 20:13:05,297 [Worker-17] INFO  o.e.m.c.i.embedder.EclipseLogger - Copying 1 resource
2020-07-08 20:13:05,301 [Worker-17] INFO  o.e.m.c.i.embedder.EclipseLogger - Copying 0 resource
2020-07-08 20:13:05,304 [Worker-17] INFO  o.e.m.c.i.embedder.EclipseLogger - Using 'UTF-8' encoding to copy filtered resources.
2020-07-08 20:13:05,304 [Worker-17] INFO  o.e.m.c.i.embedder.EclipseLogger - skip non existing resourceDirectory /Users/nikhilagrawal/Documents/Workspace/Repository/MixString/src/test/resources
2020-07-08 20:13:19,605 [Worker-15] INFO  o.e.m.c.i.embedder.EclipseLogger - Using 'UTF-8' encoding to copy filtered resources.
2020-07-08 20:13:19,606 [Worker-15] INFO  o.e.m.c.i.embedder.EclipseLogger - Copying 1 resource
2020-07-08 20:13:19,633 [Worker-15] INFO  o.e.m.c.i.embedder.EclipseLogger - Copying 0 resource
2020-07-08 20:13:19,648 [Worker-15] INFO  o.e.m.c.i.embedder.EclipseLogger - Using 'UTF-8' encoding to copy filtered resources.
2020-07-08 20:13:19,649 [Worker-15] INFO  o.e.m.c.i.embedder.EclipseLogger - skip non existing resourceDirectory /Users/nikhilagrawal/Documents/Workspace/Repository/MixString/src/test/resources
2020-07-08 20:13:32,531 [Worker-9] INFO  o.e.m.c.i.embedder.EclipseLogger - Using 'UTF-8' encoding to copy filtered resources.
2020-07-08 20:13:32,533 [Worker-9] INFO  o.e.m.c.i.embedder.EclipseLogger - Copying 1 resource
2020-07-08 20:13:32,535 [Worker-9] INFO  o.e.m.c.i.embedder.EclipseLogger - Copying 0 resource
2020-07-08 20:13:32,540 [Worker-9] INFO  o.e.m.c.i.embedder.EclipseLogger - Using 'UTF-8' encoding to copy filtered resources.
2020-07-08 20:13:32,540 [Worker-9] INFO  o.e.m.c.i.embedder.EclipseLogger - skip non existing resourceDirectory /Users/nikhilagrawal/Documents/Workspace/Repository/MixString/src/test/resources
2020-07-08 20:13:44,073 [Worker-6] INFO  o.e.m.c.i.embedder.EclipseLogger - Using 'UTF-8' encoding to copy filtered resources.
2020-07-08 20:13:44,085 [Worker-6] INFO  o.e.m.c.i.embedder.EclipseLogger - Copying 1 resource
2020-07-08 20:13:44,088 [Worker-6] INFO  o.e.m.c.i.embedder.EclipseLogger - Copying 0 resource
2020-07-08 20:13:44,093 [Worker-6] INFO  o.e.m.c.i.embedder.EclipseLogger - Using 'UTF-8' encoding to copy filtered resources.
2020-07-08 20:13:44,093 [Worker-6] INFO  o.e.m.c.i.embedder.EclipseLogger - skip non existing resourceDirectory /Users/nikhilagrawal/Documents/Workspace/Repository/MixString/src/test/resources
2020-07-08 20:14:07,797 [Worker-22] INFO  o.e.m.c.i.embedder.EclipseLogger - Using 'UTF-8' encoding to copy filtered resources.
2020-07-08 20:14:07,798 [Worker-22] INFO  o.e.m.c.i.embedder.EclipseLogger - Copying 1 resource
2020-07-08 20:14:07,801 [Worker-22] INFO  o.e.m.c.i.embedder.EclipseLogger - Copying 0 resource
2020-07-08 20:14:07,804 [Worker-22] INFO  o.e.m.c.i.embedder.EclipseLogger - Using 'UTF-8' encoding to copy filtered resources.
2020-07-08 20:14:07,804 [Worker-22] INFO  o.e.m.c.i.embedder.EclipseLogger - skip non existing resourceDirectory /Users/nikhilagrawal/Documents/Workspace/Repository/MixString/src/test/resources
2020-07-08 20:14:10,315 [Worker-12] INFO  o.e.m.c.i.embedder.EclipseLogger - Using 'UTF-8' encoding to copy filtered resources.
2020-07-08 20:14:10,317 [Worker-12] INFO  o.e.m.c.i.embedder.EclipseLogger - Copying 1 resource
2020-07-08 20:14:10,318 [Worker-12] INFO  o.e.m.c.i.embedder.EclipseLogger - Copying 0 resource
2020-07-08 20:14:10,321 [Worker-12] INFO  o.e.m.c.i.embedder.EclipseLogger - Using 'UTF-8' encoding to copy filtered resources.
2020-07-08 20:14:10,321 [Worker-12] INFO  o.e.m.c.i.embedder.EclipseLogger - skip non existing resourceDirectory /Users/nikhilagrawal/Documents/Workspace/Repository/MixString/src/test/resources
2020-07-08 20:14:16,872 [Worker-4] INFO  o.e.m.c.i.embedder.EclipseLogger - Using 'UTF-8' encoding to copy filtered resources.
2020-07-08 20:14:16,873 [Worker-4] INFO  o.e.m.c.i.embedder.EclipseLogger - Copying 1 resource
2020-07-08 20:14:16,874 [Worker-4] INFO  o.e.m.c.i.embedder.EclipseLogger - Copying 0 resource
2020-07-08 20:14:16,880 [Worker-4] INFO  o.e.m.c.i.embedder.EclipseLogger - Using 'UTF-8' encoding to copy filtered resources.
2020-07-08 20:14:16,880 [Worker-4] INFO  o.e.m.c.i.embedder.EclipseLogger - skip non existing resourceDirectory /Users/nikhilagrawal/Documents/Workspace/Repository/MixString/src/test/resources
